#
# There is insufficient memory for the Java Runtime Environment to continue.
# Native memory allocation (malloc) failed to allocate 16384 bytes for AllocateHeap
# Possible reasons:
#   The system is out of physical RAM or swap space
#   In 32 bit mode, the process size limit was hit
# Possible solutions:
#   Reduce memory load on the system
#   Increase physical memory or swap space
#   Check if swap backing store is full
#   Use 64 bit Java on a 64 bit OS
#   Decrease Java heap size (-Xmx/-Xms)
#   Decrease number of Java threads
#   Decrease Java thread stack sizes (-Xss)
#   Set larger code cache with -XX:ReservedCodeCacheSize=
# This output file may be truncated or incomplete.
#
#  Out of Memory Error (memory/allocation.inline.hpp:61), pid=13340, tid=0x00000000000022a8
#
# JRE version: Java(TM) SE Runtime Environment (8.0_181-b13) (build 1.8.0_181-b13)
# Java VM: Java HotSpot(TM) 64-Bit Server VM (25.181-b13 mixed mode windows-amd64 compressed oops)
# Failed to write core dump. Minidumps are not enabled by default on client versions of Windows
#

---------------  T H R E A D  ---------------

Current thread (0x000000000337e800):  JavaThread "main" [_thread_in_vm, id=8872, stack(0x0000000003380000,0x0000000003480000)]

Stack: [0x0000000003380000,0x0000000003480000]
[error occurred during error reporting (printing stack bounds), id 0xc0000005]

Native frames: (J=compiled Java code, j=interpreted, Vv=VM code, C=native code)

Java frames: (J=compiled Java code, j=interpreted, Vv=VM code)
J 861  java.lang.ClassLoader.defineClass1(Ljava/lang/String;[BIILjava/security/ProtectionDomain;Ljava/lang/String;)Ljava/lang/Class; (0 bytes) @ 0x00000000037df91f [0x00000000037df880+0x9f]
J 801 C1 java.lang.ClassLoader.defineClass(Ljava/lang/String;[BIILjava/security/ProtectionDomain;)Ljava/lang/Class; (43 bytes) @ 0x00000000037c362c [0x00000000037c3520+0x10c]
J 804 C1 java.net.URLClassLoader.defineClass(Ljava/lang/String;Lsun/misc/Resource;)Ljava/lang/Class; (142 bytes) @ 0x00000000037c5c24 [0x00000000037c5240+0x9e4]
J 726 C1 java.net.URLClassLoader$1.run()Ljava/lang/Class; (63 bytes) @ 0x00000000037a974c [0x00000000037a9680+0xcc]
J 725 C1 java.net.URLClassLoader$1.run()Ljava/lang/Object; (5 bytes) @ 0x00000000037a9354 [0x00000000037a9320+0x34]
v  ~StubRoutines::call_stub
J 265  java.security.AccessController.doPrivileged(Ljava/security/PrivilegedExceptionAction;Ljava/security/AccessControlContext;)Ljava/lang/Object; (0 bytes) @ 0x00000000036e79a6 [0x00000000036e7940+0x66]
J 687 C1 java.net.URLClassLoader.findClass(Ljava/lang/String;)Ljava/lang/Class; (47 bytes) @ 0x0000000003796a84 [0x00000000037969c0+0xc4]
J 2015 C1 java.lang.ClassLoader.loadClass(Ljava/lang/String;Z)Ljava/lang/Class; (122 bytes) @ 0x00000000039950b4 [0x0000000003994da0+0x314]
J 634 C1 sun.misc.Launcher$AppClassLoader.loadClass(Ljava/lang/String;Z)Ljava/lang/Class; (85 bytes) @ 0x0000000003780354 [0x0000000003780060+0x2f4]
J 632 C1 java.lang.ClassLoader.loadClass(Ljava/lang/String;)Ljava/lang/Class; (7 bytes) @ 0x000000000377fd24 [0x000000000377fce0+0x44]
v  ~StubRoutines::call_stub
J 861  java.lang.ClassLoader.defineClass1(Ljava/lang/String;[BIILjava/security/ProtectionDomain;Ljava/lang/String;)Ljava/lang/Class; (0 bytes) @ 0x00000000037df91f [0x00000000037df880+0x9f]
J 801 C1 java.lang.ClassLoader.defineClass(Ljava/lang/String;[BIILjava/security/ProtectionDomain;)Ljava/lang/Class; (43 bytes) @ 0x00000000037c362c [0x00000000037c3520+0x10c]
J 804 C1 java.net.URLClassLoader.defineClass(Ljava/lang/String;Lsun/misc/Resource;)Ljava/lang/Class; (142 bytes) @ 0x00000000037c5c24 [0x00000000037c5240+0x9e4]
J 726 C1 java.net.URLClassLoader$1.run()Ljava/lang/Class; (63 bytes) @ 0x00000000037a974c [0x00000000037a9680+0xcc]
J 725 C1 java.net.URLClassLoader$1.run()Ljava/lang/Object; (5 bytes) @ 0x00000000037a9354 [0x00000000037a9320+0x34]
v  ~StubRoutines::call_stub
J 265  java.security.AccessController.doPrivileged(Ljava/security/PrivilegedExceptionAction;Ljava/security/AccessControlContext;)Ljava/lang/Object; (0 bytes) @ 0x00000000036e79a6 [0x00000000036e7940+0x66]
J 687 C1 java.net.URLClassLoader.findClass(Ljava/lang/String;)Ljava/lang/Class; (47 bytes) @ 0x0000000003796a84 [0x00000000037969c0+0xc4]
J 2015 C1 java.lang.ClassLoader.loadClass(Ljava/lang/String;Z)Ljava/lang/Class; (122 bytes) @ 0x00000000039950b4 [0x0000000003994da0+0x314]
J 634 C1 sun.misc.Launcher$AppClassLoader.loadClass(Ljava/lang/String;Z)Ljava/lang/Class; (85 bytes) @ 0x0000000003780354 [0x0000000003780060+0x2f4]
J 632 C1 java.lang.ClassLoader.loadClass(Ljava/lang/String;)Ljava/lang/Class; (7 bytes) @ 0x000000000377fd24 [0x000000000377fce0+0x44]
v  ~StubRoutines::call_stub
J 2005  java.lang.Class.getDeclaredMethods0(Z)[Ljava/lang/reflect/Method; (0 bytes) @ 0x000000000399083b [0x0000000003990800+0x3b]
J 978 C1 java.lang.Class.privateGetDeclaredMethods(Z)[Ljava/lang/reflect/Method; (67 bytes) @ 0x000000000381954c [0x0000000003819440+0x10c]
J 3090 C1 org.springframework.util.ReflectionUtils.getDeclaredMethods(Ljava/lang/Class;Z)[Ljava/lang/reflect/Method; (209 bytes) @ 0x0000000003b94904 [0x0000000003b94840+0xc4]
J 3533 C1 org.springframework.util.ReflectionUtils.doWithLocalMethods(Ljava/lang/Class;Lorg/springframework/util/ReflectionUtils$MethodCallback;)V (89 bytes) @ 0x0000000003c59fe4 [0x0000000003c59fc0+0x24]
J 5531 C1 org.springframework.orm.jpa.support.PersistenceAnnotationBeanPostProcessor.buildPersistenceMetadata(Ljava/lang/Class;)Lorg/springframework/beans/factory/annotation/InjectionMetadata; (103 bytes) @ 0x0000000003fd05c4 [0x0000000003fd0160+0x464]
J 4147 C1 org.springframework.orm.jpa.support.PersistenceAnnotationBeanPostProcessor.findPersistenceMetadata(Ljava/lang/String;Ljava/lang/Class;Lorg/springframework/beans/PropertyValues;)Lorg/springframework/beans/factory/annotation/InjectionMetadata; (124 bytes) @ 0x0000000003d6bd0c [0x0000000003d6b9a0+0x36c]
J 5530 C1 org.springframework.orm.jpa.support.PersistenceAnnotationBeanPostProcessor.postProcessMergedBeanDefinition(Lorg/springframework/beans/factory/support/RootBeanDefinition;Ljava/lang/Class;Ljava/lang/String;)V (16 bytes) @ 0x0000000003fd1884 [0x0000000003fd1840+0x44]
J 3986 C1 org.springframework.beans.factory.support.AbstractAutowireCapableBeanFactory.applyMergedBeanDefinitionPostProcessors(Lorg/springframework/beans/factory/support/RootBeanDefinition;Ljava/lang/Class;Ljava/lang/String;)V (62 bytes) @ 0x0000000003d23c2c [0x0000000003d23aa0+0x18c]
J 5446 C1 org.springframework.beans.factory.support.AbstractAutowireCapableBeanFactory.doCreateBean(Ljava/lang/String;Lorg/springframework/beans/factory/support/RootBeanDefinition;[Ljava/lang/Object;)Ljava/lang/Object; (507 bytes) @ 0x0000000003fa5f14 [0x0000000003fa5c00+0x314]
J 5445 C1 org.springframework.beans.factory.support.AbstractAutowireCapableBeanFactory.createBean(Ljava/lang/String;Lorg/springframework/beans/factory/support/RootBeanDefinition;[Ljava/lang/Object;)Ljava/lang/Object; (247 bytes) @ 0x0000000003fa3ffc [0x0000000003fa3a20+0x5dc]
J 5495 C1 org.springframework.beans.factory.support.AbstractBeanFactory$$Lambda$182.getObject()Ljava/lang/Object; (20 bytes) @ 0x0000000003fc282c [0x0000000003fc27c0+0x6c]
j  org.springframework.beans.factory.support.DefaultSingletonBeanRegistry.getSingleton(Ljava/lang/String;Lorg/springframework/beans/factory/ObjectFactory;)Ljava/lang/Object;+132
J 2464 C1 org.springframework.beans.factory.support.AbstractBeanFactory.doGetBean(Ljava/lang/String;Ljava/lang/Class;[Ljava/lang/Object;Z)Ljava/lang/Object; (833 bytes) @ 0x0000000003a650ac [0x0000000003a64b80+0x52c]
J 5337 C1 org.springframework.beans.factory.support.AbstractBeanFactory.getBean(Ljava/lang/String;)Ljava/lang/Object; (9 bytes) @ 0x0000000003f4b14c [0x0000000003f4b100+0x4c]
j  org.springframework.beans.factory.support.DefaultListableBeanFactory.preInstantiateSingletons()V+248
j  org.springframework.context.support.AbstractApplicationContext.finishBeanFactoryInitialization(Lorg/springframework/beans/factory/config/ConfigurableListableBeanFactory;)V+124
j  org.springframework.context.support.AbstractApplicationContext.refresh()V+54
j  org.springframework.boot.web.servlet.context.ServletWebServerApplicationContext.refresh()V+1
j  org.springframework.boot.SpringApplication.refresh(Lorg/springframework/context/ConfigurableApplicationContext;)V+1
j  org.springframework.boot.SpringApplication.refresh(Lorg/springframework/context/ApplicationContext;)V+11
j  org.springframework.boot.SpringApplication.refreshContext(Lorg/springframework/context/ConfigurableApplicationContext;)V+2
j  org.springframework.boot.SpringApplication.run([Ljava/lang/String;)Lorg/springframework/context/ConfigurableApplicationContext;+118
j  org.springframework.boot.SpringApplication.run([Ljava/lang/Class;[Ljava/lang/String;)Lorg/springframework/context/ConfigurableApplicationContext;+9
j  org.springframework.boot.SpringApplication.run(Ljava/lang/Class;[Ljava/lang/String;)Lorg/springframework/context/ConfigurableApplicationContext;+9
j  com.basic.rest.employees.BasicRestEmployeesApplication.main([Ljava/lang/String;)V+3
v  ~StubRoutines::call_stub

---------------  P R O C E S S  ---------------

Java Threads: ( => current thread )
  0x0000000022991000 JavaThread "HikariPool-1 housekeeper" daemon [_thread_blocked, id=6516, stack(0x00000000244b0000,0x00000000245b0000)]
  0x0000000022991800 JavaThread "mysql-cj-abandoned-connection-cleanup" daemon [_thread_blocked, id=20332, stack(0x0000000023db0000,0x0000000023eb0000)]
  0x000000001fbba000 JavaThread "container-0" [_thread_blocked, id=23032, stack(0x0000000023cb0000,0x0000000023db0000)]
  0x000000001fbbb800 JavaThread "Catalina-utility-2" [_thread_blocked, id=13984, stack(0x0000000023bb0000,0x0000000023cb0000)]
  0x000000001fbb9800 JavaThread "Catalina-utility-1" [_thread_blocked, id=1612, stack(0x0000000023ab0000,0x0000000023bb0000)]
  0x0000000020228000 JavaThread "Keep-Alive-Timer" daemon [_thread_blocked, id=21304, stack(0x0000000021be0000,0x0000000021ce0000)]
  0x000000001fc2e000 JavaThread "JMX server connection timeout 17" daemon [_thread_blocked, id=17320, stack(0x00000000210e0000,0x00000000211e0000)]
  0x000000001fc19800 JavaThread "RMI Scheduler(0)" daemon [_thread_blocked, id=5148, stack(0x0000000020fe0000,0x00000000210e0000)]
  0x000000001fbd8800 JavaThread "RMI TCP Connection(1)-127.0.0.1" daemon [_thread_in_native, id=4140, stack(0x0000000020ee0000,0x0000000020fe0000)]
  0x000000001f3f3800 JavaThread "RMI TCP Accept-0" daemon [_thread_in_native, id=16052, stack(0x000000001f6d0000,0x000000001f7d0000)]
  0x000000001f3ed800 JavaThread "RMI TCP Accept-64813" daemon [_thread_in_native, id=18056, stack(0x000000001f5d0000,0x000000001f6d0000)]
  0x000000001f3d9800 JavaThread "RMI TCP Accept-0" daemon [_thread_in_native, id=16600, stack(0x000000001f4d0000,0x000000001f5d0000)]
  0x000000001e4d8800 JavaThread "Service Thread" daemon [_thread_blocked, id=3876, stack(0x000000001e890000,0x000000001e990000)]
  0x000000001cb67000 JavaThread "C1 CompilerThread2" daemon [_thread_blocked, id=11892, stack(0x000000001e390000,0x000000001e490000)]
  0x000000001cb4f000 JavaThread "C2 CompilerThread1" daemon [_thread_blocked, id=11700, stack(0x000000001e290000,0x000000001e390000)]
  0x000000001cb4d000 JavaThread "C2 CompilerThread0" daemon [_thread_blocked, id=20624, stack(0x000000001e190000,0x000000001e290000)]
  0x000000001cb4b800 JavaThread "Attach Listener" daemon [_thread_blocked, id=13704, stack(0x000000001e090000,0x000000001e190000)]
  0x000000001cb4a800 JavaThread "Signal Dispatcher" daemon [_thread_blocked, id=4004, stack(0x000000001df90000,0x000000001e090000)]
  0x000000000357e800 JavaThread "Finalizer" daemon [_thread_blocked, id=19880, stack(0x000000001dd90000,0x000000001de90000)]
  0x000000001cb08800 JavaThread "Reference Handler" daemon [_thread_blocked, id=13548, stack(0x000000001dc90000,0x000000001dd90000)]
=>0x000000000337e800 JavaThread "main" [_thread_in_vm, id=8872, stack(0x0000000003380000,0x0000000003480000)]

Other Threads:
  0x000000001cb07800 VMThread [stack: 0x000000001db90000,0x000000001dc90000] [id=12052]
  0x000000001f3f8800 WatcherThread [stack: 0x000000001f7d0000,0x000000001f8d0000] [id=23904]

VM state:not at safepoint (normal execution)

VM Mutex/Monitor currently owned by a thread:  ([mutex/lock_event])
[0x000000000337ad20] SystemDictionary_lock - owner thread: 0x000000000337e800
[0x000000000337bd30] Compile_lock - owner thread: 0x000000000337e800

Heap:
 PSYoungGen      total 669696K, used 42461K [0x000000076b500000, 0x0000000796e00000, 0x00000007c0000000)
  eden space 649728K, 6% used [0x000000076b500000,0x000000076de77600,0x0000000792f80000)
  from space 19968K, 0% used [0x0000000794700000,0x0000000794700000,0x0000000795a80000)
  to   space 14336K, 0% used [0x0000000796000000,0x0000000796000000,0x0000000796e00000)
 ParOldGen       total 151040K, used 36867K [0x00000006c1e00000, 0x00000006cb180000, 0x000000076b500000)
  object space 151040K, 24% used [0x00000006c1e00000,0x00000006c4200c70,0x00000006cb180000)
 Metaspace       used 60963K, capacity 64784K, committed 65048K, reserved 1107968K
  class space    used 8742K, capacity 9388K, committed 9496K, reserved 1048576K

Card table byte_map: [0x0000000012940000,0x0000000013140000] byte_map_base: 0x000000000f331000

Marking Bits: (ParMarkBitMap*) 0x000000006c392d00
 Begin Bits: [0x0000000013a90000, 0x0000000017a18000)
 End Bits:   [0x0000000017a18000, 0x000000001b9a0000)

Polling page: 0x00000000013c0000

CodeCache: size=245760Kb used=10887Kb max_used=10887Kb free=234872Kb
 bounds [0x0000000003580000, 0x0000000004030000, 0x0000000012580000]
 total_blobs=6225 nmethods=5645 adapters=490
 compilation: enabled

Compilation events (10 events):
Event: 19.242 Thread 0x000000001cb67000 5695       1       org.springframework.beans.factory.config.DependencyDescriptor::getDependencyType (123 bytes)
Event: 19.243 Thread 0x000000001cb67000 nmethod 5695 0x000000000401e910 code [0x000000000401eb00, 0x000000000401f368]
Event: 19.271 Thread 0x000000001cb67000 5697       1       org.springframework.boot.context.properties.ConfigurationPropertiesBean::findFactoryMethodUsingReflection (84 bytes)
Event: 19.272 Thread 0x000000001cb67000 nmethod 5697 0x000000000401fa90 code [0x000000000401fc80, 0x00000000040200b8]
Event: 19.281 Thread 0x000000001cb67000 5698       1       org.springframework.beans.factory.support.DefaultListableBeanFactory::findAutowireCandidates (393 bytes)
Event: 19.282 Thread 0x000000001cb67000 nmethod 5698 0x0000000004020510 code [0x0000000004020800, 0x0000000004021298]
Event: 19.282 Thread 0x000000001cb67000 5699       1       org.springframework.aop.framework.autoproxy.AbstractAutoProxyCreator::determineCandidateConstructors (2 bytes)
Event: 19.283 Thread 0x000000001cb67000 nmethod 5699 0x0000000004021cd0 code [0x0000000004021e20, 0x0000000004021f30]
Event: 19.295 Thread 0x000000001cb67000 5700   !   1       java.util.concurrent.ConcurrentHashMap::clear (176 bytes)
Event: 19.296 Thread 0x000000001cb67000 nmethod 5700 0x0000000004021f90 code [0x0000000004022120, 0x0000000004022658]

GC Heap History (10 events):
Event: 16.011 GC heap before
{Heap before GC invocations=14 (full 3):
 PSYoungGen      total 669696K, used 5680K [0x000000076b500000, 0x0000000796e00000, 0x00000007c0000000)
  eden space 649728K, 0% used [0x000000076b500000,0x000000076b500000,0x0000000792f80000)
  from space 19968K, 28% used [0x0000000794700000,0x0000000794c8c310,0x0000000795a80000)
  to   space 14336K, 0% used [0x0000000796000000,0x0000000796000000,0x0000000796e00000)
 ParOldGen       total 112128K, used 43307K [0x00000006c1e00000, 0x00000006c8b80000, 0x000000076b500000)
  object space 112128K, 38% used [0x00000006c1e00000,0x00000006c484ae08,0x00000006c8b80000)
 Metaspace       used 56364K, capacity 59112K, committed 59160K, reserved 1099776K
  class space    used 7927K, capacity 8425K, committed 8472K, reserved 1048576K
Event: 16.251 GC heap after
Heap after GC invocations=14 (full 3):
 PSYoungGen      total 669696K, used 0K [0x000000076b500000, 0x0000000796e00000, 0x00000007c0000000)
  eden space 649728K, 0% used [0x000000076b500000,0x000000076b500000,0x0000000792f80000)
  from space 19968K, 0% used [0x0000000794700000,0x0000000794700000,0x0000000795a80000)
  to   space 14336K, 0% used [0x0000000796000000,0x0000000796000000,0x0000000796e00000)
 ParOldGen       total 151040K, used 30144K [0x00000006c1e00000, 0x00000006cb180000, 0x000000076b500000)
  object space 151040K, 19% used [0x00000006c1e00000,0x00000006c3b70070,0x00000006cb180000)
 Metaspace       used 56364K, capacity 59112K, committed 59160K, reserved 1099776K
  class space    used 7927K, capacity 8425K, committed 8472K, reserved 1048576K
}
Event: 17.353 GC heap before
{Heap before GC invocations=15 (full 3):
 PSYoungGen      total 669696K, used 126879K [0x000000076b500000, 0x0000000796e00000, 0x00000007c0000000)
  eden space 649728K, 19% used [0x000000076b500000,0x00000007730e7dd8,0x0000000792f80000)
  from space 19968K, 0% used [0x0000000794700000,0x0000000794700000,0x0000000795a80000)
  to   space 14336K, 0% used [0x0000000796000000,0x0000000796000000,0x0000000796e00000)
 ParOldGen       total 151040K, used 30144K [0x00000006c1e00000, 0x00000006cb180000, 0x000000076b500000)
  object space 151040K, 19% used [0x00000006c1e00000,0x00000006c3b70070,0x00000006cb180000)
 Metaspace       used 58813K, capacity 62258K, committed 62360K, reserved 1105920K
  class space    used 8410K, capacity 9031K, committed 9112K, reserved 1048576K
Event: 17.362 GC heap after
Heap after GC invocations=15 (full 3):
 PSYoungGen      total 664064K, used 6425K [0x000000076b500000, 0x0000000796e00000, 0x00000007c0000000)
  eden space 649728K, 0% used [0x000000076b500000,0x000000076b500000,0x0000000792f80000)
  from space 14336K, 44% used [0x0000000796000000,0x0000000796646630,0x0000000796e00000)
  to   space 19968K, 0% used [0x0000000794700000,0x0000000794700000,0x0000000795a80000)
 ParOldGen       total 151040K, used 30152K [0x00000006c1e00000, 0x00000006cb180000, 0x000000076b500000)
  object space 151040K, 19% used [0x00000006c1e00000,0x00000006c3b72070,0x00000006cb180000)
 Metaspace       used 58813K, capacity 62258K, committed 62360K, reserved 1105920K
  class space    used 8410K, capacity 9031K, committed 9112K, reserved 1048576K
}
Event: 17.362 GC heap before
{Heap before GC invocations=16 (full 4):
 PSYoungGen      total 664064K, used 6425K [0x000000076b500000, 0x0000000796e00000, 0x00000007c0000000)
  eden space 649728K, 0% used [0x000000076b500000,0x000000076b500000,0x0000000792f80000)
  from space 14336K, 44% used [0x0000000796000000,0x0000000796646630,0x0000000796e00000)
  to   space 19968K, 0% used [0x0000000794700000,0x0000000794700000,0x0000000795a80000)
 ParOldGen       total 151040K, used 30152K [0x00000006c1e00000, 0x00000006cb180000, 0x000000076b500000)
  object space 151040K, 19% used [0x00000006c1e00000,0x00000006c3b72070,0x00000006cb180000)
 Metaspace       used 58813K, capacity 62258K, committed 62360K, reserved 1105920K
  class space    used 8410K, capacity 9031K, committed 9112K, reserved 1048576K
Event: 17.451 GC heap after
Heap after GC invocations=16 (full 4):
 PSYoungGen      total 664064K, used 0K [0x000000076b500000, 0x0000000796e00000, 0x00000007c0000000)
  eden space 649728K, 0% used [0x000000076b500000,0x000000076b500000,0x0000000792f80000)
  from space 14336K, 0% used [0x0000000796000000,0x0000000796000000,0x0000000796e00000)
  to   space 19968K, 0% used [0x0000000794700000,0x0000000794700000,0x0000000795a80000)
 ParOldGen       total 151040K, used 33045K [0x00000006c1e00000, 0x00000006cb180000, 0x000000076b500000)
  object space 151040K, 21% used [0x00000006c1e00000,0x00000006c3e45508,0x00000006cb180000)
 Metaspace       used 58813K, capacity 62258K, committed 62360K, reserved 1103872K
  class space    used 8410K, capacity 9031K, committed 9112K, reserved 1048576K
}
Event: 18.941 GC heap before
{Heap before GC invocations=17 (full 4):
 PSYoungGen      total 664064K, used 204931K [0x000000076b500000, 0x0000000796e00000, 0x00000007c0000000)
  eden space 649728K, 31% used [0x000000076b500000,0x0000000777d20c40,0x0000000792f80000)
  from space 14336K, 0% used [0x0000000796000000,0x0000000796000000,0x0000000796e00000)
  to   space 19968K, 0% used [0x0000000794700000,0x0000000794700000,0x0000000795a80000)
 ParOldGen       total 151040K, used 33045K [0x00000006c1e00000, 0x00000006cb180000, 0x000000076b500000)
  object space 151040K, 21% used [0x00000006c1e00000,0x00000006c3e45508,0x00000006cb180000)
 Metaspace       used 60866K, capacity 64640K, committed 64792K, reserved 1110016K
  class space    used 8725K, capacity 9384K, committed 9496K, reserved 1048576K
Event: 18.948 GC heap after
Heap after GC invocations=17 (full 4):
 PSYoungGen      total 669696K, used 6499K [0x000000076b500000, 0x0000000796e00000, 0x00000007c0000000)
  eden space 649728K, 0% used [0x000000076b500000,0x000000076b500000,0x0000000792f80000)
  from space 19968K, 32% used [0x0000000794700000,0x0000000794d58cd0,0x0000000795a80000)
  to   space 14336K, 0% used [0x0000000796000000,0x0000000796000000,0x0000000796e00000)
 ParOldGen       total 151040K, used 33053K [0x00000006c1e00000, 0x00000006cb180000, 0x000000076b500000)
  object space 151040K, 21% used [0x00000006c1e00000,0x00000006c3e47508,0x00000006cb180000)
 Metaspace       used 60866K, capacity 64640K, committed 64792K, reserved 1110016K
  class space    used 8725K, capacity 9384K, committed 9496K, reserved 1048576K
}
Event: 18.948 GC heap before
{Heap before GC invocations=18 (full 5):
 PSYoungGen      total 669696K, used 6499K [0x000000076b500000, 0x0000000796e00000, 0x00000007c0000000)
  eden space 649728K, 0% used [0x000000076b500000,0x000000076b500000,0x0000000792f80000)
  from space 19968K, 32% used [0x0000000794700000,0x0000000794d58cd0,0x0000000795a80000)
  to   space 14336K, 0% used [0x0000000796000000,0x0000000796000000,0x0000000796e00000)
 ParOldGen       total 151040K, used 33053K [0x00000006c1e00000, 0x00000006cb180000, 0x000000076b500000)
  object space 151040K, 21% used [0x00000006c1e00000,0x00000006c3e47508,0x00000006cb180000)
 Metaspace       used 60866K, capacity 64640K, committed 64792K, reserved 1110016K
  class space    used 8725K, capacity 9384K, committed 9496K, reserved 1048576K
Event: 19.161 GC heap after
Heap after GC invocations=18 (full 5):
 PSYoungGen      total 669696K, used 0K [0x000000076b500000, 0x0000000796e00000, 0x00000007c0000000)
  eden space 649728K, 0% used [0x000000076b500000,0x000000076b500000,0x0000000792f80000)
  from space 19968K, 0% used [0x0000000794700000,0x0000000794700000,0x0000000795a80000)
  to   space 14336K, 0% used [0x0000000796000000,0x0000000796000000,0x0000000796e00000)
 ParOldGen       total 151040K, used 36867K [0x00000006c1e00000, 0x00000006cb180000, 0x000000076b500000)
  object space 151040K, 24% used [0x00000006c1e00000,0x00000006c4200c70,0x00000006cb180000)
 Metaspace       used 60866K, capacity 64640K, committed 64792K, reserved 1107968K
  class space    used 8725K, capacity 9384K, committed 9496K, reserved 1048576K
}

Deoptimization events (0 events):
No events

Classes redefined (0 events):
No events

Internal exceptions (10 events):
Event: 19.299 Thread 0x000000000337e800 Exception <a 'java/lang/ClassNotFoundException': org/springframework/boot/autoconfigure/transaction/TransactionAutoConfigurationCustomizer> (0x000000076d624730) thrown at [C:\re\workspace\8-2-build-windows-amd64-cygwin\jdk8u181\11358\hotspot\src\share\vm\
Event: 19.299 Thread 0x000000000337e800 Exception <a 'java/lang/ArrayIndexOutOfBoundsException'> (0x000000076d627b30) thrown at [C:\re\workspace\8-2-build-windows-amd64-cygwin\jdk8u181\11358\hotspot\src\share\vm\runtime\sharedRuntime.cpp, line 605]
Event: 19.299 Thread 0x000000000337e800 Exception <a 'java/lang/ArrayIndexOutOfBoundsException'> (0x000000076d629030) thrown at [C:\re\workspace\8-2-build-windows-amd64-cygwin\jdk8u181\11358\hotspot\src\share\vm\runtime\sharedRuntime.cpp, line 605]
Event: 19.302 Thread 0x000000000337e800 Exception <a 'java/lang/ArrayIndexOutOfBoundsException'> (0x000000076d63a5f8) thrown at [C:\re\workspace\8-2-build-windows-amd64-cygwin\jdk8u181\11358\hotspot\src\share\vm\runtime\sharedRuntime.cpp, line 605]
Event: 19.303 Thread 0x000000000337e800 Exception <a 'java/lang/ClassNotFoundException': java/lang/ObjectCustomizer> (0x000000076d64ead0) thrown at [C:\re\workspace\8-2-build-windows-amd64-cygwin\jdk8u181\11358\hotspot\src\share\vm\classfile\systemDictionary.cpp, line 210]
Event: 19.304 Thread 0x000000000337e800 Exception <a 'java/lang/ClassNotFoundException': org/springframework/boot/autoconfigure/transaction/TransactionPropertiesCustomizer> (0x000000076d68c310) thrown at [C:\re\workspace\8-2-build-windows-amd64-cygwin\jdk8u181\11358\hotspot\src\share\vm\classfi
Event: 19.305 Thread 0x000000000337e800 Exception <a 'java/lang/ClassNotFoundException': org/springframework/boot/autoconfigure/transaction/PlatformTransactionManagerCustomizerCustomizer> (0x000000076d6d7fe0) thrown at [C:\re\workspace\8-2-build-windows-amd64-cygwin\jdk8u181\11358\hotspot\src\s
Event: 19.305 Thread 0x000000000337e800 Exception <a 'java/lang/ArrayIndexOutOfBoundsException'> (0x000000076d6d8d70) thrown at [C:\re\workspace\8-2-build-windows-amd64-cygwin\jdk8u181\11358\hotspot\src\share\vm\runtime\sharedRuntime.cpp, line 605]
Event: 19.307 Thread 0x000000000337e800 Exception <a 'java/lang/ClassNotFoundException': java/lang/ObjectCustomizer> (0x000000076d734d10) thrown at [C:\re\workspace\8-2-build-windows-amd64-cygwin\jdk8u181\11358\hotspot\src\share\vm\classfile\systemDictionary.cpp, line 210]
Event: 19.308 Thread 0x000000000337e800 Exception <a 'java/lang/ClassNotFoundException': org/springframework/boot/autoconfigure/transaction/TransactionManagerCustomizersCustomizer> (0x000000076d7762f0) thrown at [C:\re\workspace\8-2-build-windows-amd64-cygwin\jdk8u181\11358\hotspot\src\share\vm

Events (10 events):
Event: 19.309 loading class org/springframework/transaction/support/DefaultTransactionStatus
Event: 19.309 loading class org/springframework/transaction/support/DefaultTransactionStatus done
Event: 19.310 loading class org/springframework/transaction/support/AbstractTransactionStatus
Event: 19.310 loading class org/springframework/transaction/support/AbstractTransactionStatus done
Event: 19.310 loading class org/springframework/orm/jpa/JpaTransactionManager$JpaTransactionObject
Event: 19.310 loading class org/springframework/orm/jpa/JpaTransactionManager$JpaTransactionObject done
Event: 19.311 loading class org/springframework/jdbc/datasource/JdbcTransactionObjectSupport
Event: 19.311 loading class org/springframework/jdbc/datasource/JdbcTransactionObjectSupport done
Event: 19.312 loading class org/springframework/transaction/support/SmartTransactionObject
Event: 19.312 loading class org/springframework/transaction/support/SmartTransactionObject done


Dynamic libraries:
0x00007ff681480000 - 0x00007ff6814b7000 	C:\Program Files\Java\jdk1.8.0_181\bin\javaw.exe
0x00007ff8508a0000 - 0x00007ff850a90000 	C:\WINDOWS\SYSTEM32\ntdll.dll
0x00007ff850000000 - 0x00007ff8500b2000 	C:\WINDOWS\System32\KERNEL32.DLL
0x00007ff84dcc0000 - 0x00007ff84df64000 	C:\WINDOWS\System32\KERNELBASE.dll
0x00007ff850140000 - 0x00007ff8501e3000 	C:\WINDOWS\System32\ADVAPI32.dll
0x00007ff84f3f0000 - 0x00007ff84f48e000 	C:\WINDOWS\System32\msvcrt.dll
0x00007ff84f350000 - 0x00007ff84f3e7000 	C:\WINDOWS\System32\sechost.dll
0x00007ff84f490000 - 0x00007ff84f5b0000 	C:\WINDOWS\System32\RPCRT4.dll
0x00007ff84e950000 - 0x00007ff84eae4000 	C:\WINDOWS\System32\USER32.dll
0x00007ff84db90000 - 0x00007ff84dbb1000 	C:\WINDOWS\System32\win32u.dll
0x00007ff84f5b0000 - 0x00007ff84f5d6000 	C:\WINDOWS\System32\GDI32.dll
0x00007ff84d9f0000 - 0x00007ff84db86000 	C:\WINDOWS\System32\gdi32full.dll
0x00007ff84df70000 - 0x00007ff84e00e000 	C:\WINDOWS\System32\msvcp_win.dll
0x00007ff84dbc0000 - 0x00007ff84dcba000 	C:\WINDOWS\System32\ucrtbase.dll
0x00007ff82ece0000 - 0x00007ff82ef64000 	C:\WINDOWS\WinSxS\amd64_microsoft.windows.common-controls_6595b64144ccf1df_6.0.18362.959_none_e6c7bbbf130c62bb\COMCTL32.dll
0x00007ff850520000 - 0x00007ff850855000 	C:\WINDOWS\System32\combase.dll
0x00007ff84d920000 - 0x00007ff84d9a0000 	C:\WINDOWS\System32\bcryptPrimitives.dll
0x00007ff84f640000 - 0x00007ff84f66e000 	C:\WINDOWS\System32\IMM32.DLL
0x000000006c420000 - 0x000000006c4f2000 	C:\Program Files\Java\jdk1.8.0_181\jre\bin\msvcr100.dll
0x000000006bb70000 - 0x000000006c412000 	C:\Program Files\Java\jdk1.8.0_181\jre\bin\server\jvm.dll
0x00007ff84ec70000 - 0x00007ff84ec78000 	C:\WINDOWS\System32\PSAPI.DLL
0x00007ff84a680000 - 0x00007ff84a6a4000 	C:\WINDOWS\SYSTEM32\WINMM.dll
0x00007ff82e920000 - 0x00007ff82e929000 	C:\WINDOWS\SYSTEM32\WSOCK32.dll
0x00007ff84f670000 - 0x00007ff84f6df000 	C:\WINDOWS\System32\WS2_32.dll
0x00007ff8470d0000 - 0x00007ff8470da000 	C:\WINDOWS\SYSTEM32\VERSION.dll
0x00007ff84a650000 - 0x00007ff84a67d000 	C:\WINDOWS\SYSTEM32\WINMMBASE.dll
0x00007ff84d9a0000 - 0x00007ff84d9ea000 	C:\WINDOWS\System32\cfgmgr32.dll
0x000000006bb60000 - 0x000000006bb6f000 	C:\Program Files\Java\jdk1.8.0_181\jre\bin\verify.dll
0x000000006bb30000 - 0x000000006bb59000 	C:\Program Files\Java\jdk1.8.0_181\jre\bin\java.dll
0x000000006bb10000 - 0x000000006bb26000 	C:\Program Files\Java\jdk1.8.0_181\jre\bin\zip.dll
0x00007ff84f7d0000 - 0x00007ff84feb6000 	C:\WINDOWS\System32\SHELL32.dll
0x00007ff84ed60000 - 0x00007ff84ee09000 	C:\WINDOWS\System32\shcore.dll
0x00007ff84e1c0000 - 0x00007ff84e942000 	C:\WINDOWS\System32\windows.storage.dll
0x00007ff84d760000 - 0x00007ff84d783000 	C:\WINDOWS\System32\profapi.dll
0x00007ff84d7d0000 - 0x00007ff84d81a000 	C:\WINDOWS\System32\powrprof.dll
0x00007ff84d750000 - 0x00007ff84d760000 	C:\WINDOWS\System32\UMPDC.dll
0x00007ff84f5e0000 - 0x00007ff84f632000 	C:\WINDOWS\System32\shlwapi.dll
0x00007ff84d790000 - 0x00007ff84d7a1000 	C:\WINDOWS\System32\kernel.appcore.dll
0x00007ff84d820000 - 0x00007ff84d837000 	C:\WINDOWS\System32\cryptsp.dll
0x000000006bac0000 - 0x000000006bacd000 	C:\Program Files\Java\jdk1.8.0_181\jre\bin\management.dll
0x000000006baf0000 - 0x000000006bb0a000 	C:\Program Files\Java\jdk1.8.0_181\jre\bin\net.dll
0x00007ff84cf10000 - 0x00007ff84cf77000 	C:\WINDOWS\system32\mswsock.dll
0x000000006bad0000 - 0x000000006bae1000 	C:\Program Files\Java\jdk1.8.0_181\jre\bin\nio.dll
0x00007ff830230000 - 0x00007ff830246000 	C:\WINDOWS\system32\napinsp.dll
0x00007ff830210000 - 0x00007ff83022a000 	C:\WINDOWS\system32\pnrpnsp.dll
0x00007ff84ccc0000 - 0x00007ff84cd8b000 	C:\WINDOWS\SYSTEM32\DNSAPI.dll
0x00007ff84ec60000 - 0x00007ff84ec68000 	C:\WINDOWS\System32\NSI.dll
0x00007ff84cc30000 - 0x00007ff84cc6a000 	C:\WINDOWS\SYSTEM32\IPHLPAPI.DLL
0x00007ff830200000 - 0x00007ff83020e000 	C:\WINDOWS\System32\winrnr.dll
0x00007ff8494b0000 - 0x00007ff8494cc000 	C:\WINDOWS\system32\NLAapi.dll
0x00007ff849280000 - 0x00007ff849295000 	C:\WINDOWS\system32\wshbth.dll
0x00007ff8479c0000 - 0x00007ff8479ca000 	C:\Windows\System32\rasadhlp.dll
0x00007ff848e30000 - 0x00007ff848ea7000 	C:\WINDOWS\System32\fwpuclnt.dll
0x00007ff84d840000 - 0x00007ff84d866000 	C:\WINDOWS\System32\bcrypt.dll
0x00007ff84ca90000 - 0x00007ff84cac3000 	C:\WINDOWS\system32\rsaenh.dll
0x00007ff84d640000 - 0x00007ff84d665000 	C:\WINDOWS\SYSTEM32\USERENV.dll
0x00007ff84d090000 - 0x00007ff84d09c000 	C:\WINDOWS\SYSTEM32\CRYPTBASE.dll
0x00007ff848f90000 - 0x00007ff848fa6000 	C:\WINDOWS\SYSTEM32\dhcpcsvc6.DLL
0x00007ff848f70000 - 0x00007ff848f8c000 	C:\WINDOWS\SYSTEM32\dhcpcsvc.DLL

VM Arguments:
jvm_args: -Dcom.sun.management.jmxremote -Dcom.sun.management.jmxremote.port=64813 -Dcom.sun.management.jmxremote.authenticate=false -Dcom.sun.management.jmxremote.ssl=false -Djava.rmi.server.hostname=localhost -Dspring.jmx.enabled=true -Dspring.application.admin.enabled=true -Xverify:none -XX:TieredStopAtLevel=1 -Dspring.boot.project.name=com-basic-rest-employees -Dfile.encoding=UTF-8 
java_command: com.basic.rest.employees.BasicRestEmployeesApplication
java_class_path (initial): C:\Users\daniel.arroyo\IdeaProjects\com-concept-home\com-basic-rest-employees\target\classes;C:\Users\daniel.arroyo\IdeaProjects\com-concept-home\com-concept-data\target\classes;C:\Users\daniel.arroyo\.m2\repository\org\springframework\cloud\spring-cloud-config-client\2.2.3.RELEASE\spring-cloud-config-client-2.2.3.RELEASE.jar;C:\Users\daniel.arroyo\.m2\repository\org\springframework\boot\spring-boot-autoconfigure\2.3.0.RELEASE\spring-boot-autoconfigure-2.3.0.RELEASE.jar;C:\Users\daniel.arroyo\.m2\repository\org\springframework\boot\spring-boot\2.3.0.RELEASE\spring-boot-2.3.0.RELEASE.jar;C:\Users\daniel.arroyo\.m2\repository\org\springframework\cloud\spring-cloud-commons\2.2.3.RELEASE\spring-cloud-commons-2.2.3.RELEASE.jar;C:\Users\daniel.arroyo\.m2\repository\org\springframework\security\spring-security-crypto\5.3.2.RELEASE\spring-security-crypto-5.3.2.RELEASE.jar;C:\Users\daniel.arroyo\.m2\repository\org\springframework\cloud\spring-cloud-context\2.2.3.RELEASE\spring-cloud-context-2.2.3.RELEASE.jar;C:\Users\daniel.arroyo\.m2\repository\org\springframework\spring-web\5.2.6.RELEASE\spring-web-5.2.6.RELEASE.jar;C:\Users\daniel.arroyo\.m2\repository\com\fasterxml\jackson\core\jackson-annotations\2.11.0\jackson-annotations-2.11.0.jar;C:\Users\daniel.arroyo\.m2\repository\com\fasterxml\jackson\core\jackson-databind\2.11.0\jackson-databind-2.11.0.jar;C:\Users\daniel.arroyo\.m2\repository\com\fasterxml\jackson\core\jackson-core\2.11.0\jackson-core-2.11.0.jar;C:\Users\daniel.arroyo\.m2\repository\org\springframework\cloud\spring-cloud-starter-netflix-eureka-client\2.2.3.RELEASE\spring-cloud-starter-netflix-eureka-client-2.2.3.RELEASE.jar;C:\Users\daniel.arroyo\.m2\repository\org\springframework\cloud\spring-cloud-starter\2.2.3.RELEASE\spring-cloud-starter-2.2.3.RELEASE.jar;C:\Users\daniel.arroyo\.m2\repository\org\springframework\security\spring-security-rsa\1.0.9.RELEASE\spring-security-rsa-1.0.9.RELEASE.jar;C:\Users\daniel.arroyo\.m2\repositor
Launcher Type: SUN_STANDARD

Environment Variables:
JAVA_HOME=C:\Program Files\Java\jdk1.8.0_181
PATH=C:/Program Files/Java/jdk1.8.0_181/bin/../jre/bin/server;C:/Program Files/Java/jdk1.8.0_181/bin/../jre/bin;C:/Program Files/Java/jdk1.8.0_181/bin/../jre/lib/amd64;C:\Program Files\Java\jdk1.8.0_181\bin;C:\Development_tools\apache-maven-3.5.4\bin;C:\WINDOWS\system32;C:\WINDOWS;C:\WINDOWS\System32\Wbem;C:\WINDOWS\System32\WindowsPowerShell\v1.0\;C:\WINDOWS\System32\OpenSSH\;C:\Program Files\Git\cmd;C:\Program Files\TortoiseSVN\bin;C:\Program Files\nodejs\;C:\Program Files\Docker\Docker\resources\bin;C:\ProgramData\DockerDesktop\version-bin;C:\Development_tools\vault_1.4.2_windows_amd64\;C:\Development_tools\consul;C:\Users\daniel.arroyo\AppData\Local\Microsoft\WindowsApps;C:\Users\daniel.arroyo\AppData\Roaming\npm;;C:\WINDOWS\system32;
USERNAME=daniel.arroyo
OS=Windows_NT
PROCESSOR_IDENTIFIER=Intel64 Family 6 Model 142 Stepping 9, GenuineIntel



---------------  S Y S T E M  ---------------

OS: Windows 10.0 , 64 bit Build 18362 (10.0.18362.959)

CPU:total 4 (initial active 4) (2 cores per cpu, 2 threads per core) family 6 model 142 stepping 9, cmov, cx8, fxsr, mmx, sse, sse2, sse3, ssse3, sse4.1, sse4.2, popcnt, avx, avx2, aes, clmul, erms, 3dnowpref, lzcnt, ht, tsc, tscinvbit, bmi1, bmi2, adx

Memory: 4k page, physical 16653516k(7562252k free), swap 66985164k(4204k free)

vm_info: Java HotSpot(TM) 64-Bit Server VM (25.181-b13) for windows-amd64 JRE (1.8.0_181-b13), built on Jul  7 2018 04:01:33 by "java_re" with MS VC++ 10.0 (VS2010)

time: Thu Aug 06 16:54:00 2020
elapsed time: 19 seconds (0d 0h 0m 19s)

